<?xml version="1.0" encoding="UTF-8"?>
<!-- Generated by org.testng.reporters.JUnitReportReporter -->
<testsuite hostname="enterpi-H110M-H" failures="0" tests="1" name="testcases.PermissionsTestCases_QuotesModule" time="91.831" errors="0" timestamp="2023-06-12T18:57:28 IST" skipped="0">
  <testcase classname="testcases.PermissionsTestCases_QuotesModule" name="testCase18" time="91.831"/>
  <system-out/>
</testsuite> <!-- testcases.PermissionsTestCases_QuotesModule -->
