<?xml version="1.0" encoding="UTF-8"?>
<!-- Generated by org.testng.reporters.JUnitReportReporter -->
<testsuite hostname="enterpi-H110M-H" failures="0" tests="1" name="testcases.PermissionsTestCases_QuotesModule" time="60.135" errors="0" timestamp="2023-06-19T11:49:47 IST" skipped="0">
  <testcase classname="testcases.PermissionsTestCases_QuotesModule" name="testCase15" time="60.135"/>
  <system-out/>
</testsuite> <!-- testcases.PermissionsTestCases_QuotesModule -->
