<?xml version="1.0" encoding="UTF-8"?>
<!-- Generated by org.testng.reporters.JUnitReportReporter -->
<testsuite hostname="enterpi-H110M-H" failures="0" tests="1" name="testcases.Filters_TestCases" time="438.258" errors="0" timestamp="2023-08-07T14:47:39 IST" skipped="0">
  <testcase classname="testcases.Filters_TestCases" name="testCase1" time="438.258"/>
  <system-out/>
</testsuite> <!-- testcases.Filters_TestCases -->
