<?xml version="1.0" encoding="UTF-8"?>
<!-- Generated by org.testng.reporters.JUnitReportReporter -->
<testsuite hostname="enterpi-H110M-H" failures="0" tests="18" name="testcases.PermissionsTestCases_QuotesModule" time="717.477" errors="0" timestamp="2023-07-11T18:08:35 IST" skipped="16">
  <testcase classname="testcases.PermissionsTestCases_QuotesModule" name="testCase1" time="574.490"/>
  <system-out/>
  <testcase classname="testcases.PermissionsTestCases_QuotesModule" name="testCase5" time="142.987"/>
  <system-out/>
  <testcase classname="testcases.PermissionsTestCases_QuotesModule" name="testCase18">
    <skipped/>
  </testcase> <!-- testCase18 -->
  <system-out/>
  <testcase classname="testcases.PermissionsTestCases_QuotesModule" name="testCase17">
    <skipped/>
  </testcase> <!-- testCase17 -->
  <system-out/>
  <testcase classname="testcases.PermissionsTestCases_QuotesModule" name="testCase12">
    <skipped/>
  </testcase> <!-- testCase12 -->
  <system-out/>
  <testcase classname="testcases.PermissionsTestCases_QuotesModule" name="testCase11">
    <skipped/>
  </testcase> <!-- testCase11 -->
  <system-out/>
  <testcase classname="testcases.PermissionsTestCases_QuotesModule" name="testCase10">
    <skipped/>
  </testcase> <!-- testCase10 -->
  <system-out/>
  <testcase classname="testcases.PermissionsTestCases_QuotesModule" name="testCase6">
    <skipped/>
  </testcase> <!-- testCase6 -->
  <system-out/>
  <testcase classname="testcases.PermissionsTestCases_QuotesModule" name="testCase7">
    <skipped/>
  </testcase> <!-- testCase7 -->
  <system-out/>
  <testcase classname="testcases.PermissionsTestCases_QuotesModule" name="testCase8">
    <skipped/>
  </testcase> <!-- testCase8 -->
  <system-out/>
  <testcase classname="testcases.PermissionsTestCases_QuotesModule" name="testCase9">
    <skipped/>
  </testcase> <!-- testCase9 -->
  <system-out/>
  <testcase classname="testcases.PermissionsTestCases_QuotesModule" name="testCase2">
    <skipped/>
  </testcase> <!-- testCase2 -->
  <system-out/>
  <testcase classname="testcases.PermissionsTestCases_QuotesModule" name="testCase3">
    <skipped/>
  </testcase> <!-- testCase3 -->
  <system-out/>
  <testcase classname="testcases.PermissionsTestCases_QuotesModule" name="testCase4">
    <skipped/>
  </testcase> <!-- testCase4 -->
  <system-out/>
  <testcase classname="testcases.PermissionsTestCases_QuotesModule" name="testCase16">
    <skipped/>
  </testcase> <!-- testCase16 -->
  <system-out/>
  <testcase classname="testcases.PermissionsTestCases_QuotesModule" name="testCase15">
    <skipped/>
  </testcase> <!-- testCase15 -->
  <system-out/>
  <testcase classname="testcases.PermissionsTestCases_QuotesModule" name="testCase14">
    <skipped/>
  </testcase> <!-- testCase14 -->
  <system-out/>
  <testcase classname="testcases.PermissionsTestCases_QuotesModule" name="testCase13">
    <skipped/>
  </testcase> <!-- testCase13 -->
  <system-out/>
</testsuite> <!-- testcases.PermissionsTestCases_QuotesModule -->
