<?xml version="1.0" encoding="UTF-8"?>
<!-- Generated by org.testng.reporters.JUnitReportReporter -->
<testsuite hostname="Siva" failures="0" tests="1" name="testcases.Filters_TestCases" time="100.949" errors="0" timestamp="2023-07-27T11:27:33 IST" skipped="0">
  <testcase classname="testcases.Filters_TestCases" name="testCase1" time="100.949"/>
  <system-out/>
</testsuite> <!-- testcases.Filters_TestCases -->
