<?xml version="1.0" encoding="UTF-8"?>
<!-- Generated by org.testng.reporters.JUnitReportReporter -->
<testsuite hostname="enterpi-H110M-H" failures="0" tests="1" name="testcases.PermissionsTestCasesForRepairModule" time="63.937" errors="0" timestamp="2023-06-01T16:32:52 IST" skipped="0">
  <testcase classname="testcases.PermissionsTestCasesForRepairModule" name="testCase4" time="63.937"/>
  <system-out/>
</testsuite> <!-- testcases.PermissionsTestCasesForRepairModule -->
