<?xml version="1.0" encoding="UTF-8"?>
<!-- Generated by org.testng.reporters.JUnitReportReporter -->
<testsuite hostname="enterpi-H110M-H" failures="0" tests="1" name="testcases.PricingTestCases" time="12.021" errors="0" timestamp="2023-05-08T11:30:24 IST" skipped="0">
  <testcase classname="testcases.PricingTestCases" name="testCase6" time="12.021"/>
  <system-out/>
</testsuite> <!-- testcases.PricingTestCases -->
