<?xml version="1.0" encoding="UTF-8"?>
<!-- Generated by org.testng.reporters.JUnitReportReporter -->
<testsuite hostname="enterpi-H110M-H" failures="0" tests="25" name="testcases.QuoteTestCases" time="571.685" errors="0" timestamp="2023-08-03T17:40:35 IST" skipped="24">
  <testcase classname="testcases.QuoteTestCases" name="testCase0" time="571.685"/>
  <system-out/>
  <testcase classname="testcases.QuoteTestCases" name="testCase20">
    <skipped/>
  </testcase> <!-- testCase20 -->
  <system-out/>
  <testcase classname="testcases.QuoteTestCases" name="testCase21">
    <skipped/>
  </testcase> <!-- testCase21 -->
  <system-out/>
  <testcase classname="testcases.QuoteTestCases" name="testCase22">
    <skipped/>
  </testcase> <!-- testCase22 -->
  <system-out/>
  <testcase classname="testcases.QuoteTestCases" name="testCase23">
    <skipped/>
  </testcase> <!-- testCase23 -->
  <system-out/>
  <testcase classname="testcases.QuoteTestCases" name="testCase12">
    <skipped/>
  </testcase> <!-- testCase12 -->
  <system-out/>
  <testcase classname="testcases.QuoteTestCases" name="testCase24">
    <skipped/>
  </testcase> <!-- testCase24 -->
  <system-out/>
  <testcase classname="testcases.QuoteTestCases" name="testCase13">
    <skipped/>
  </testcase> <!-- testCase13 -->
  <system-out/>
  <testcase classname="testcases.QuoteTestCases" name="testCase14">
    <skipped/>
  </testcase> <!-- testCase14 -->
  <system-out/>
  <testcase classname="testcases.QuoteTestCases" name="testCase25">
    <skipped/>
  </testcase> <!-- testCase25 -->
  <system-out/>
  <testcase classname="testcases.QuoteTestCases" name="testCase26">
    <skipped/>
  </testcase> <!-- testCase26 -->
  <system-out/>
  <testcase classname="testcases.QuoteTestCases" name="testCase15">
    <skipped/>
  </testcase> <!-- testCase15 -->
  <system-out/>
  <testcase classname="testcases.QuoteTestCases" name="testCase16">
    <skipped/>
  </testcase> <!-- testCase16 -->
  <system-out/>
  <testcase classname="testcases.QuoteTestCases" name="testCase27">
    <skipped/>
  </testcase> <!-- testCase27 -->
  <system-out/>
  <testcase classname="testcases.QuoteTestCases" name="testCase17">
    <skipped/>
  </testcase> <!-- testCase17 -->
  <system-out/>
  <testcase classname="testcases.QuoteTestCases" name="testCase28">
    <skipped/>
  </testcase> <!-- testCase28 -->
  <system-out/>
  <testcase classname="testcases.QuoteTestCases" name="testCase18">
    <skipped/>
  </testcase> <!-- testCase18 -->
  <system-out/>
  <testcase classname="testcases.QuoteTestCases" name="testCase19">
    <skipped/>
  </testcase> <!-- testCase19 -->
  <system-out/>
  <testcase classname="testcases.QuoteTestCases" name="testCase1">
    <skipped/>
  </testcase> <!-- testCase1 -->
  <system-out/>
  <testcase classname="testcases.QuoteTestCases" name="testCase4">
    <skipped/>
  </testcase> <!-- testCase4 -->
  <system-out/>
  <testcase classname="testcases.QuoteTestCases" name="testCase5">
    <skipped/>
  </testcase> <!-- testCase5 -->
  <system-out/>
  <testcase classname="testcases.QuoteTestCases" name="testCase2">
    <skipped/>
  </testcase> <!-- testCase2 -->
  <system-out/>
  <testcase classname="testcases.QuoteTestCases" name="testCase3">
    <skipped/>
  </testcase> <!-- testCase3 -->
  <system-out/>
  <testcase classname="testcases.QuoteTestCases" name="testCase8">
    <skipped/>
  </testcase> <!-- testCase8 -->
  <system-out/>
  <testcase classname="testcases.QuoteTestCases" name="testCase6">
    <skipped/>
  </testcase> <!-- testCase6 -->
  <system-out/>
</testsuite> <!-- testcases.QuoteTestCases -->
