<?xml version="1.0" encoding="UTF-8"?>
<!-- Generated by org.testng.reporters.JUnitReportReporter -->
<testsuite hostname="enterpi-H110M-H" failures="0" tests="3" name="testcases.PermissionsTestCaseForPricingModule" time="104.062" errors="0" timestamp="2023-05-26T16:49:15 IST" skipped="0">
  <testcase classname="testcases.PermissionsTestCaseForPricingModule" name="testCase12" time="29.375"/>
  <system-out/>
  <testcase classname="testcases.PermissionsTestCaseForPricingModule" name="testCase13" time="38.359"/>
  <system-out/>
  <testcase classname="testcases.PermissionsTestCaseForPricingModule" name="testCase14" time="36.328"/>
  <system-out/>
</testsuite> <!-- testcases.PermissionsTestCaseForPricingModule -->
