<?xml version="1.0" encoding="UTF-8"?>
<!-- Generated by org.testng.reporters.JUnitReportReporter -->
<testsuite hostname="enterpi-H110M-H" failures="0" tests="36" name="testcases.PermissionsTestCases_AdminTabs" time="4.682" errors="1" timestamp="2023-05-26T09:11:43 IST" skipped="35">
  <testcase classname="testcases.PermissionsTestCases_AdminTabs" name="login" time="4.679">
    <error message="unknown error: net::ERR_CONNECTION_REFUSED
  (Session info: chrome=106.0.5249.119)
Build info: version: &#039;4.8.0&#039;, revision: &#039;267030adea&#039;
System info: os.name: &#039;Linux&#039;, os.arch: &#039;amd64&#039;, os.version: &#039;5.15.0-72-generic&#039;, java.version: &#039;17.0.5&#039;
Driver info: org.openqa.selenium.chrome.ChromeDriver
Command: [8464e55dbe7d75381e3c88b99204526a, get {url=http://192.168.1.176:3000/pricing}]
Capabilities {acceptInsecureCerts: false, browserName: chrome, browserVersion: 106.0.5249.119, chrome: {chromedriverVersion: 106.0.5249.61 (511755355844..., userDataDir: /tmp/.com.google.Chrome.XorHQF}, goog:chromeOptions: {debuggerAddress: localhost:39905}, networkConnectionEnabled: false, pageLoadStrategy: normal, platformName: LINUX, proxy: Proxy(), se:cdp: ws://localhost:39905/devtoo..., se:cdpVersion: 106.0.5249.119, setWindowRect: true, strictFileInteractability: false, timeouts: {implicit: 0, pageLoad: 300000, script: 30000}, unhandledPromptBehavior: dismiss and notify, webauthn:extension:credBlob: true, webauthn:extension:largeBlob: true, webauthn:virtualAuthenticators: true}
Session ID: 8464e55dbe7d75381e3c88b99204526a" type="org.openqa.selenium.WebDriverException">
      <![CDATA[org.openqa.selenium.WebDriverException: unknown error: net::ERR_CONNECTION_REFUSED
  (Session info: chrome=106.0.5249.119)
Build info: version: '4.8.0', revision: '267030adea'
System info: os.name: 'Linux', os.arch: 'amd64', os.version: '5.15.0-72-generic', java.version: '17.0.5'
Driver info: org.openqa.selenium.chrome.ChromeDriver
Command: [8464e55dbe7d75381e3c88b99204526a, get {url=http://192.168.1.176:3000/pricing}]
Capabilities {acceptInsecureCerts: false, browserName: chrome, browserVersion: 106.0.5249.119, chrome: {chromedriverVersion: 106.0.5249.61 (511755355844..., userDataDir: /tmp/.com.google.Chrome.XorHQF}, goog:chromeOptions: {debuggerAddress: localhost:39905}, networkConnectionEnabled: false, pageLoadStrategy: normal, platformName: LINUX, proxy: Proxy(), se:cdp: ws://localhost:39905/devtoo..., se:cdpVersion: 106.0.5249.119, setWindowRect: true, strictFileInteractability: false, timeouts: {implicit: 0, pageLoad: 300000, script: 30000}, unhandledPromptBehavior: dismiss and notify, webauthn:extension:credBlob: true, webauthn:extension:largeBlob: true, webauthn:virtualAuthenticators: true}
Session ID: 8464e55dbe7d75381e3c88b99204526a
at java.base/jdk.internal.reflect.NativeConstructorAccessorImpl.newInstance0(Native Method)
at java.base/jdk.internal.reflect.NativeConstructorAccessorImpl.newInstance(NativeConstructorAccessorImpl.java:77)
at java.base/jdk.internal.reflect.DelegatingConstructorAccessorImpl.newInstance(DelegatingConstructorAccessorImpl.java:45)
at java.base/java.lang.reflect.Constructor.newInstanceWithCaller(Constructor.java:499)
at java.base/java.lang.reflect.Constructor.newInstance(Constructor.java:480)
at org.openqa.selenium.remote.codec.w3c.W3CHttpResponseCodec.createException(W3CHttpResponseCodec.java:200)
at org.openqa.selenium.remote.codec.w3c.W3CHttpResponseCodec.decode(W3CHttpResponseCodec.java:133)
at org.openqa.selenium.remote.codec.w3c.W3CHttpResponseCodec.decode(W3CHttpResponseCodec.java:53)
at org.openqa.selenium.remote.HttpCommandExecutor.execute(HttpCommandExecutor.java:184)
at org.openqa.selenium.remote.service.DriverCommandExecutor.invokeExecute(DriverCommandExecutor.java:167)
at org.openqa.selenium.remote.service.DriverCommandExecutor.execute(DriverCommandExecutor.java:142)
at org.openqa.selenium.remote.RemoteWebDriver.execute(RemoteWebDriver.java:543)
at org.openqa.selenium.remote.RemoteWebDriver.get(RemoteWebDriver.java:297)
at commonUtils.App.login(App.java:55)
at java.base/jdk.internal.reflect.NativeMethodAccessorImpl.invoke0(Native Method)
at java.base/jdk.internal.reflect.NativeMethodAccessorImpl.invoke(NativeMethodAccessorImpl.java:77)
at java.base/jdk.internal.reflect.DelegatingMethodAccessorImpl.invoke(DelegatingMethodAccessorImpl.java:43)
at java.base/java.lang.reflect.Method.invoke(Method.java:568)
at org.testng.internal.invokers.MethodInvocationHelper.invokeMethod(MethodInvocationHelper.java:139)
at org.testng.internal.invokers.MethodInvocationHelper.invokeMethodConsideringTimeout(MethodInvocationHelper.java:69)
at org.testng.internal.invokers.ConfigInvoker.invokeConfigurationMethod(ConfigInvoker.java:361)
at org.testng.internal.invokers.ConfigInvoker.invokeConfigurations(ConfigInvoker.java:296)
at org.testng.TestRunner.invokeTestConfigurations(TestRunner.java:644)
at org.testng.TestRunner.beforeRun(TestRunner.java:633)
at org.testng.TestRunner.run(TestRunner.java:595)
at org.testng.SuiteRunner.runTest(SuiteRunner.java:437)
at org.testng.SuiteRunner.runSequentially(SuiteRunner.java:431)
at org.testng.SuiteRunner.privateRun(SuiteRunner.java:391)
at org.testng.SuiteRunner.run(SuiteRunner.java:330)
at org.testng.SuiteRunnerWorker.runSuite(SuiteRunnerWorker.java:52)
at org.testng.SuiteRunnerWorker.run(SuiteRunnerWorker.java:95)
at org.testng.TestNG.runSuitesSequentially(TestNG.java:1256)
at org.testng.TestNG.runSuitesLocally(TestNG.java:1176)
at org.testng.TestNG.runSuites(TestNG.java:1099)
at org.testng.TestNG.run(TestNG.java:1067)
at org.testng.remote.AbstractRemoteTestNG.run(AbstractRemoteTestNG.java:115)
at org.testng.remote.RemoteTestNG.initAndRun(RemoteTestNG.java:251)
at org.testng.remote.RemoteTestNG.main(RemoteTestNG.java:77)
]]>
    </error>
  </testcase> <!-- login -->
  <system-out/>
  <testcase classname="testcases.PermissionsTestCases_AdminTabs" name="testCase1" time="0.000">
    <skipped/>
  </testcase> <!-- testCase1 -->
  <system-out/>
  <testcase classname="testcases.PermissionsTestCases_AdminTabs" name="testCase2" time="0.000">
    <skipped/>
  </testcase> <!-- testCase2 -->
  <system-out/>
  <testcase classname="testcases.PermissionsTestCases_AdminTabs" name="testCase3" time="0.000">
    <skipped/>
  </testcase> <!-- testCase3 -->
  <system-out/>
  <testcase classname="testcases.PermissionsTestCases_AdminTabs" name="testCase4" time="0.000">
    <skipped/>
  </testcase> <!-- testCase4 -->
  <system-out/>
  <testcase classname="testcases.PermissionsTestCases_AdminTabs" name="testCase5" time="0.000">
    <skipped/>
  </testcase> <!-- testCase5 -->
  <system-out/>
  <testcase classname="testcases.PermissionsTestCases_AdminTabs" name="testCase6" time="0.000">
    <skipped/>
  </testcase> <!-- testCase6 -->
  <system-out/>
  <testcase classname="testcases.PermissionsTestCases_AdminTabs" name="testCase7" time="0.000">
    <skipped/>
  </testcase> <!-- testCase7 -->
  <system-out/>
  <testcase classname="testcases.PermissionsTestCases_AdminTabs" name="testCase8" time="0.000">
    <skipped/>
  </testcase> <!-- testCase8 -->
  <system-out/>
  <testcase classname="testcases.PermissionsTestCases_AdminTabs" name="testCase9" time="0.000">
    <skipped/>
  </testcase> <!-- testCase9 -->
  <system-out/>
  <testcase classname="testcases.PermissionsTestCases_AdminTabs" name="testCase10" time="0.000">
    <skipped/>
  </testcase> <!-- testCase10 -->
  <system-out/>
  <testcase classname="testcases.PermissionsTestCases_AdminTabs" name="testCase11" time="0.000">
    <skipped/>
  </testcase> <!-- testCase11 -->
  <system-out/>
  <testcase classname="testcases.PermissionsTestCases_AdminTabs" name="testCase12" time="0.000">
    <skipped/>
  </testcase> <!-- testCase12 -->
  <system-out/>
  <testcase classname="testcases.PermissionsTestCases_AdminTabs" name="testCase13" time="0.000">
    <skipped/>
  </testcase> <!-- testCase13 -->
  <system-out/>
  <testcase classname="testcases.PermissionsTestCases_AdminTabs" name="testCase14" time="0.000">
    <skipped/>
  </testcase> <!-- testCase14 -->
  <system-out/>
  <testcase classname="testcases.PermissionsTestCases_AdminTabs" name="testCase15" time="0.000">
    <skipped/>
  </testcase> <!-- testCase15 -->
  <system-out/>
  <testcase classname="testcases.PermissionsTestCases_AdminTabs" name="testCase16" time="0.000">
    <skipped/>
  </testcase> <!-- testCase16 -->
  <system-out/>
  <testcase classname="testcases.PermissionsTestCases_AdminTabs" name="testCase17" time="0.003">
    <skipped/>
  </testcase> <!-- testCase17 -->
  <system-out/>
  <testcase classname="testcases.PermissionsTestCases_AdminTabs" name="testCase18" time="0.000">
    <skipped/>
  </testcase> <!-- testCase18 -->
  <system-out/>
  <testcase classname="testcases.PermissionsTestCases_AdminTabs" name="testCase19" time="0.000">
    <skipped/>
  </testcase> <!-- testCase19 -->
  <system-out/>
  <testcase classname="testcases.PermissionsTestCases_AdminTabs" name="testCase20" time="0.000">
    <skipped/>
  </testcase> <!-- testCase20 -->
  <system-out/>
  <testcase classname="testcases.PermissionsTestCases_AdminTabs" name="testCase21" time="0.000">
    <skipped/>
  </testcase> <!-- testCase21 -->
  <system-out/>
  <testcase classname="testcases.PermissionsTestCases_AdminTabs" name="testCase22" time="0.000">
    <skipped/>
  </testcase> <!-- testCase22 -->
  <system-out/>
  <testcase classname="testcases.PermissionsTestCases_AdminTabs" name="testCase23" time="0.000">
    <skipped/>
  </testcase> <!-- testCase23 -->
  <system-out/>
  <testcase classname="testcases.PermissionsTestCases_AdminTabs" name="testCase24" time="0.000">
    <skipped/>
  </testcase> <!-- testCase24 -->
  <system-out/>
  <testcase classname="testcases.PermissionsTestCases_AdminTabs" name="testCase25" time="0.000">
    <skipped/>
  </testcase> <!-- testCase25 -->
  <system-out/>
  <testcase classname="testcases.PermissionsTestCases_AdminTabs" name="testCase26" time="0.000">
    <skipped/>
  </testcase> <!-- testCase26 -->
  <system-out/>
  <testcase classname="testcases.PermissionsTestCases_AdminTabs" name="testCase27" time="0.000">
    <skipped/>
  </testcase> <!-- testCase27 -->
  <system-out/>
  <testcase classname="testcases.PermissionsTestCases_AdminTabs" name="testCase28" time="0.000">
    <skipped/>
  </testcase> <!-- testCase28 -->
  <system-out/>
  <testcase classname="testcases.PermissionsTestCases_AdminTabs" name="testCase29" time="0.000">
    <skipped/>
  </testcase> <!-- testCase29 -->
  <system-out/>
  <testcase classname="testcases.PermissionsTestCases_AdminTabs" name="testCase30" time="0.000">
    <skipped/>
  </testcase> <!-- testCase30 -->
  <system-out/>
  <testcase classname="testcases.PermissionsTestCases_AdminTabs" name="testCase31" time="0.000">
    <skipped/>
  </testcase> <!-- testCase31 -->
  <system-out/>
  <testcase classname="testcases.PermissionsTestCases_AdminTabs" name="testCase32" time="0.000">
    <skipped/>
  </testcase> <!-- testCase32 -->
  <system-out/>
  <testcase classname="testcases.PermissionsTestCases_AdminTabs" name="testCase33" time="0.000">
    <skipped/>
  </testcase> <!-- testCase33 -->
  <system-out/>
  <testcase classname="testcases.PermissionsTestCases_AdminTabs" name="testCase34" time="0.000">
    <skipped/>
  </testcase> <!-- testCase34 -->
  <system-out/>
  <testcase classname="testcases.PermissionsTestCases_AdminTabs" name="testCase35" time="0.000">
    <skipped/>
  </testcase> <!-- testCase35 -->
  <system-out/>
</testsuite> <!-- testcases.PermissionsTestCases_AdminTabs -->
