<?xml version="1.0" encoding="UTF-8"?>
<!-- Generated by org.testng.reporters.JUnitReportReporter -->
<testsuite hostname="Siva" failures="0" tests="22" name="testcases.QuoteTestCases" time="104.683" errors="1" timestamp="2023-07-21T15:26:34 IST" skipped="21">
  <testcase classname="testcases.QuoteTestCases" name="testCase0" time="104.683">
    <error message="Expected condition failed: waiting for visibility of element located by By.xpath: //*[@class=&#039;ag-react-container&#039;] (tried for 20 second(s) with 500 milliseconds interval)
Build info: version: &#039;4.8.0&#039;, revision: &#039;267030adea&#039;
System info: os.name: &#039;Windows 11&#039;, os.arch: &#039;amd64&#039;, os.version: &#039;10.0&#039;, java.version: &#039;18.0.2&#039;
Driver info: org.openqa.selenium.chrome.ChromeDriver
Capabilities {acceptInsecureCerts: false, browserName: chrome, browserVersion: 115.0.5790.102, chrome: {chromedriverVersion: 114.0.5735.90 (386bc09e8f4f..., userDataDir: C:\Users\SIVAKR~1\AppData\L...}, goog:chromeOptions: {debuggerAddress: localhost:54094}, networkConnectionEnabled: false, pageLoadStrategy: normal, platformName: WINDOWS, proxy: Proxy(), se:cdp: ws://localhost:54094/devtoo..., se:cdpVersion: 115.0.5790.102, setWindowRect: true, strictFileInteractability: false, timeouts: {implicit: 0, pageLoad: 300000, script: 30000}, unhandledPromptBehavior: dismiss and notify, webauthn:extension:credBlob: true, webauthn:extension:largeBlob: true, webauthn:extension:minPinLength: true, webauthn:extension:prf: true, webauthn:virtualAuthenticators: true}
Session ID: 89c9a37f287e793f2d2cc3b4bc4b3128" type="org.openqa.selenium.TimeoutException">
      <![CDATA[org.openqa.selenium.TimeoutException: Expected condition failed: waiting for visibility of element located by By.xpath: //*[@class='ag-react-container'] (tried for 20 second(s) with 500 milliseconds interval)
Build info: version: '4.8.0', revision: '267030adea'
System info: os.name: 'Windows 11', os.arch: 'amd64', os.version: '10.0', java.version: '18.0.2'
Driver info: org.openqa.selenium.chrome.ChromeDriver
Capabilities {acceptInsecureCerts: false, browserName: chrome, browserVersion: 115.0.5790.102, chrome: {chromedriverVersion: 114.0.5735.90 (386bc09e8f4f..., userDataDir: C:\Users\SIVAKR~1\AppData\L...}, goog:chromeOptions: {debuggerAddress: localhost:54094}, networkConnectionEnabled: false, pageLoadStrategy: normal, platformName: WINDOWS, proxy: Proxy(), se:cdp: ws://localhost:54094/devtoo..., se:cdpVersion: 115.0.5790.102, setWindowRect: true, strictFileInteractability: false, timeouts: {implicit: 0, pageLoad: 300000, script: 30000}, unhandledPromptBehavior: dismiss and notify, webauthn:extension:credBlob: true, webauthn:extension:largeBlob: true, webauthn:extension:minPinLength: true, webauthn:extension:prf: true, webauthn:virtualAuthenticators: true}
Session ID: 89c9a37f287e793f2d2cc3b4bc4b3128
at org.openqa.selenium.support.ui.WebDriverWait.timeoutException(WebDriverWait.java:87)
at org.openqa.selenium.support.ui.FluentWait.until(FluentWait.java:231)
at libraries.QuotePages.verifyResetandClearButtonInFiltersPage(QuotePages.java:375)
at libraries.AllModules.quotesModule(AllModules.java:695)
at testcases.QuoteTestCases.testCase0(QuoteTestCases.java:17)
at java.base/jdk.internal.reflect.DirectMethodHandleAccessor.invoke(DirectMethodHandleAccessor.java:104)
at java.base/java.lang.reflect.Method.invoke(Method.java:577)
at org.testng.internal.invokers.MethodInvocationHelper.invokeMethod(MethodInvocationHelper.java:139)
at org.testng.internal.invokers.TestInvoker.invokeMethod(TestInvoker.java:677)
at org.testng.internal.invokers.TestInvoker.invokeTestMethod(TestInvoker.java:221)
at org.testng.internal.invokers.MethodRunner.runInSequence(MethodRunner.java:50)
at org.testng.internal.invokers.TestInvoker$MethodInvocationAgent.invoke(TestInvoker.java:969)
at org.testng.internal.invokers.TestInvoker.invokeTestMethods(TestInvoker.java:194)
at org.testng.internal.invokers.TestMethodWorker.invokeTestMethods(TestMethodWorker.java:148)
at org.testng.internal.invokers.TestMethodWorker.run(TestMethodWorker.java:128)
at java.base/java.util.ArrayList.forEach(ArrayList.java:1511)
at org.testng.TestRunner.privateRun(TestRunner.java:829)
at org.testng.TestRunner.run(TestRunner.java:602)
at org.testng.SuiteRunner.runTest(SuiteRunner.java:437)
at org.testng.SuiteRunner.runSequentially(SuiteRunner.java:431)
at org.testng.SuiteRunner.privateRun(SuiteRunner.java:391)
at org.testng.SuiteRunner.run(SuiteRunner.java:330)
at org.testng.SuiteRunnerWorker.runSuite(SuiteRunnerWorker.java:52)
at org.testng.SuiteRunnerWorker.run(SuiteRunnerWorker.java:95)
at org.testng.TestNG.runSuitesSequentially(TestNG.java:1256)
at org.testng.TestNG.runSuitesLocally(TestNG.java:1176)
at org.testng.TestNG.runSuites(TestNG.java:1099)
at org.testng.TestNG.run(TestNG.java:1067)
at org.testng.remote.AbstractRemoteTestNG.run(AbstractRemoteTestNG.java:115)
at org.testng.remote.RemoteTestNG.initAndRun(RemoteTestNG.java:251)
at org.testng.remote.RemoteTestNG.main(RemoteTestNG.java:77)
]]>
    </error>
  </testcase> <!-- testCase0 -->
  <system-out/>
  <testcase classname="testcases.QuoteTestCases" name="testCase28">
    <skipped/>
  </testcase> <!-- testCase28 -->
  <system-out/>
  <testcase classname="testcases.QuoteTestCases" name="testCase17">
    <skipped/>
  </testcase> <!-- testCase17 -->
  <system-out/>
  <testcase classname="testcases.QuoteTestCases" name="testCase1">
    <skipped/>
  </testcase> <!-- testCase1 -->
  <system-out/>
  <testcase classname="testcases.QuoteTestCases" name="testCase4">
    <skipped/>
  </testcase> <!-- testCase4 -->
  <system-out/>
  <testcase classname="testcases.QuoteTestCases" name="testCase18">
    <skipped/>
  </testcase> <!-- testCase18 -->
  <system-out/>
  <testcase classname="testcases.QuoteTestCases" name="testCase16">
    <skipped/>
  </testcase> <!-- testCase16 -->
  <system-out/>
  <testcase classname="testcases.QuoteTestCases" name="testCase13">
    <skipped/>
  </testcase> <!-- testCase13 -->
  <system-out/>
  <testcase classname="testcases.QuoteTestCases" name="testCase24">
    <skipped/>
  </testcase> <!-- testCase24 -->
  <system-out/>
  <testcase classname="testcases.QuoteTestCases" name="testCase14">
    <skipped/>
  </testcase> <!-- testCase14 -->
  <system-out/>
  <testcase classname="testcases.QuoteTestCases" name="testCase19">
    <skipped/>
  </testcase> <!-- testCase19 -->
  <system-out/>
  <testcase classname="testcases.QuoteTestCases" name="testCase23">
    <skipped/>
  </testcase> <!-- testCase23 -->
  <system-out/>
  <testcase classname="testcases.QuoteTestCases" name="testCase20">
    <skipped/>
  </testcase> <!-- testCase20 -->
  <system-out/>
  <testcase classname="testcases.QuoteTestCases" name="testCase21">
    <skipped/>
  </testcase> <!-- testCase21 -->
  <system-out/>
  <testcase classname="testcases.QuoteTestCases" name="testCase26">
    <skipped/>
  </testcase> <!-- testCase26 -->
  <system-out/>
  <testcase classname="testcases.QuoteTestCases" name="testCase15">
    <skipped/>
  </testcase> <!-- testCase15 -->
  <system-out/>
  <testcase classname="testcases.QuoteTestCases" name="testCase22">
    <skipped/>
  </testcase> <!-- testCase22 -->
  <system-out/>
  <testcase classname="testcases.QuoteTestCases" name="testCase2">
    <skipped/>
  </testcase> <!-- testCase2 -->
  <system-out/>
  <testcase classname="testcases.QuoteTestCases" name="testCase5">
    <skipped/>
  </testcase> <!-- testCase5 -->
  <system-out/>
  <testcase classname="testcases.QuoteTestCases" name="testCase8">
    <skipped/>
  </testcase> <!-- testCase8 -->
  <system-out/>
  <testcase classname="testcases.QuoteTestCases" name="testCase3">
    <skipped/>
  </testcase> <!-- testCase3 -->
  <system-out/>
  <testcase classname="testcases.QuoteTestCases" name="testCase6">
    <skipped/>
  </testcase> <!-- testCase6 -->
  <system-out/>
</testsuite> <!-- testcases.QuoteTestCases -->
