<?xml version="1.0" encoding="UTF-8"?>
<!-- Generated by org.testng.reporters.JUnitReportReporter -->
<testsuite hostname="enterpi-H110M-H" failures="0" tests="1" name="testcases.PermissionsTestCases_SysProModule" time="39.353" errors="0" timestamp="2023-06-06T11:15:23 IST" skipped="0">
  <testcase classname="testcases.PermissionsTestCases_SysProModule" name="testCase2" time="39.353"/>
  <system-out/>
</testsuite> <!-- testcases.PermissionsTestCases_SysProModule -->
