<?xml version="1.0" encoding="UTF-8"?>
<!-- Generated by org.testng.reporters.JUnitReportReporter -->
<testsuite hostname="enterpi-H110M-H" failures="0" tests="1" name="testcases.QuoteTestCases" time="62.473" errors="0" timestamp="2023-05-15T14:50:27 IST" skipped="0">
  <testcase classname="testcases.QuoteTestCases" name="testCase18" time="62.473"/>
  <system-out/>
</testsuite> <!-- testcases.QuoteTestCases -->
