<?xml version="1.0" encoding="UTF-8"?>
<!-- Generated by org.testng.reporters.JUnitReportReporter -->
<testsuite hostname="enterpi-H110M-H" failures="0" tests="1" name="testcases.QuoteTestCases" time="25.256" errors="0" timestamp="2023-05-05T18:20:04 IST" skipped="0">
  <testcase classname="testcases.QuoteTestCases" name="testCase15" time="25.256"/>
  <system-out/>
</testsuite> <!-- testcases.QuoteTestCases -->
