<?xml version="1.0" encoding="UTF-8"?>
<!-- Generated by org.testng.reporters.JUnitReportReporter -->
<testsuite hostname="enterpi-H110M-H" failures="0" tests="1" name="testcases.PermissionsTestCases_QuotesModule" time="90.264" errors="0" timestamp="2023-06-28T18:40:23 IST" skipped="0">
  <testcase classname="testcases.PermissionsTestCases_QuotesModule" name="testCase6" time="90.264"/>
  <system-out/>
</testsuite> <!-- testcases.PermissionsTestCases_QuotesModule -->
