<?xml version="1.0" encoding="UTF-8"?>
<!-- Generated by org.testng.reporters.JUnitReportReporter -->
<testsuite hostname="enterpi-H110M-H" failures="0" tests="1" name="testcases.PermissionsTestCases_AdminTabs" time="35.921" errors="0" timestamp="2023-06-16T12:15:20 IST" skipped="0">
  <testcase classname="testcases.PermissionsTestCases_AdminTabs" name="testCase33" time="35.921"/>
  <system-out/>
</testsuite> <!-- testcases.PermissionsTestCases_AdminTabs -->
