<?xml version="1.0" encoding="UTF-8"?>
<!-- Generated by org.testng.reporters.JUnitReportReporter -->
<testsuite hostname="enterpi-H110M-H" failures="0" tests="14" name="testcases.PermissionsTestCaseForPricingModule" time="724.244" errors="0" timestamp="2023-06-01T15:37:15 IST" skipped="0">
  <testcase classname="testcases.PermissionsTestCaseForPricingModule" name="testCase1" time="31.845"/>
  <system-out/>
  <testcase classname="testcases.PermissionsTestCaseForPricingModule" name="testCase2" time="50.330"/>
  <system-out/>
  <testcase classname="testcases.PermissionsTestCaseForPricingModule" name="testCase3" time="51.322"/>
  <system-out/>
  <testcase classname="testcases.PermissionsTestCaseForPricingModule" name="testCase4" time="54.461"/>
  <system-out/>
  <testcase classname="testcases.PermissionsTestCaseForPricingModule" name="testCase5" time="53.174"/>
  <system-out/>
  <testcase classname="testcases.PermissionsTestCaseForPricingModule" name="testCase6" time="49.985"/>
  <system-out/>
  <testcase classname="testcases.PermissionsTestCaseForPricingModule" name="testCase7" time="56.275"/>
  <system-out/>
  <testcase classname="testcases.PermissionsTestCaseForPricingModule" name="testCase8" time="52.497"/>
  <system-out/>
  <testcase classname="testcases.PermissionsTestCaseForPricingModule" name="testCase9" time="52.954"/>
  <system-out/>
  <testcase classname="testcases.PermissionsTestCaseForPricingModule" name="testCase10" time="58.348"/>
  <system-out/>
  <testcase classname="testcases.PermissionsTestCaseForPricingModule" name="testCase11" time="59.301"/>
  <system-out/>
  <testcase classname="testcases.PermissionsTestCaseForPricingModule" name="testCase12" time="53.427"/>
  <system-out/>
  <testcase classname="testcases.PermissionsTestCaseForPricingModule" name="testCase13" time="51.133"/>
  <system-out/>
  <testcase classname="testcases.PermissionsTestCaseForPricingModule" name="testCase14" time="49.192"/>
  <system-out/>
</testsuite> <!-- testcases.PermissionsTestCaseForPricingModule -->
