<?xml version="1.0" encoding="UTF-8"?>
<!-- Generated by org.testng.reporters.JUnitReportReporter -->
<testsuite hostname="enterpi-H110M-H" failures="0" tests="4" name="testcases.PermissionsTestCasesForRepairModule" time="158.818" errors="0" timestamp="2023-07-11T15:41:35 IST" skipped="3">
  <testcase classname="testcases.PermissionsTestCasesForRepairModule" name="testCase1" time="158.818"/>
  <system-out/>
  <testcase classname="testcases.PermissionsTestCasesForRepairModule" name="testCase4">
    <skipped/>
  </testcase> <!-- testCase4 -->
  <system-out/>
  <testcase classname="testcases.PermissionsTestCasesForRepairModule" name="testCase2">
    <skipped/>
  </testcase> <!-- testCase2 -->
  <system-out/>
  <testcase classname="testcases.PermissionsTestCasesForRepairModule" name="testCase3">
    <skipped/>
  </testcase> <!-- testCase3 -->
  <system-out/>
</testsuite> <!-- testcases.PermissionsTestCasesForRepairModule -->
