<?xml version="1.0" encoding="UTF-8"?>
<!-- Generated by org.testng.reporters.JUnitReportReporter -->
<testsuite hostname="enterpi-H110M-H" failures="0" tests="14" name="testcases.PermissionsTestCaseForPricingModule" time="545.587" errors="0" timestamp="2023-06-05T18:54:48 IST" skipped="0">
  <testcase classname="testcases.PermissionsTestCaseForPricingModule" name="testCase1" time="29.659"/>
  <system-out/>
  <testcase classname="testcases.PermissionsTestCaseForPricingModule" name="testCase2" time="37.723"/>
  <system-out/>
  <testcase classname="testcases.PermissionsTestCaseForPricingModule" name="testCase3" time="36.479"/>
  <system-out/>
  <testcase classname="testcases.PermissionsTestCaseForPricingModule" name="testCase4" time="39.482"/>
  <system-out/>
  <testcase classname="testcases.PermissionsTestCaseForPricingModule" name="testCase5" time="39.310"/>
  <system-out/>
  <testcase classname="testcases.PermissionsTestCaseForPricingModule" name="testCase6" time="38.953"/>
  <system-out/>
  <testcase classname="testcases.PermissionsTestCaseForPricingModule" name="testCase7" time="40.785"/>
  <system-out/>
  <testcase classname="testcases.PermissionsTestCaseForPricingModule" name="testCase8" time="41.683"/>
  <system-out/>
  <testcase classname="testcases.PermissionsTestCaseForPricingModule" name="testCase9" time="41.762"/>
  <system-out/>
  <testcase classname="testcases.PermissionsTestCaseForPricingModule" name="testCase10" time="45.305"/>
  <system-out/>
  <testcase classname="testcases.PermissionsTestCaseForPricingModule" name="testCase11" time="43.506"/>
  <system-out/>
  <testcase classname="testcases.PermissionsTestCaseForPricingModule" name="testCase12" time="39.909"/>
  <system-out/>
  <testcase classname="testcases.PermissionsTestCaseForPricingModule" name="testCase13" time="36.995"/>
  <system-out/>
  <testcase classname="testcases.PermissionsTestCaseForPricingModule" name="testCase14" time="34.036"/>
  <system-out/>
</testsuite> <!-- testcases.PermissionsTestCaseForPricingModule -->
