<?xml version="1.0" encoding="UTF-8"?>
<!-- Generated by org.testng.reporters.JUnitReportReporter -->
<testsuite hostname="enterpi-H110M-H" failures="0" tests="14" name="testcases.PermissionsTestCaseForPricingModule" time="575.514" errors="0" timestamp="2023-06-06T10:05:45 IST" skipped="0">
  <testcase classname="testcases.PermissionsTestCaseForPricingModule" name="testCase1" time="30.920"/>
  <system-out/>
  <testcase classname="testcases.PermissionsTestCaseForPricingModule" name="testCase2" time="39.294"/>
  <system-out/>
  <testcase classname="testcases.PermissionsTestCaseForPricingModule" name="testCase3" time="38.860"/>
  <system-out/>
  <testcase classname="testcases.PermissionsTestCaseForPricingModule" name="testCase4" time="42.147"/>
  <system-out/>
  <testcase classname="testcases.PermissionsTestCaseForPricingModule" name="testCase5" time="43.225"/>
  <system-out/>
  <testcase classname="testcases.PermissionsTestCaseForPricingModule" name="testCase6" time="42.183"/>
  <system-out/>
  <testcase classname="testcases.PermissionsTestCaseForPricingModule" name="testCase7" time="42.408"/>
  <system-out/>
  <testcase classname="testcases.PermissionsTestCaseForPricingModule" name="testCase8" time="42.374"/>
  <system-out/>
  <testcase classname="testcases.PermissionsTestCaseForPricingModule" name="testCase9" time="44.202"/>
  <system-out/>
  <testcase classname="testcases.PermissionsTestCaseForPricingModule" name="testCase10" time="44.213"/>
  <system-out/>
  <testcase classname="testcases.PermissionsTestCaseForPricingModule" name="testCase11" time="47.121"/>
  <system-out/>
  <testcase classname="testcases.PermissionsTestCaseForPricingModule" name="testCase12" time="40.081"/>
  <system-out/>
  <testcase classname="testcases.PermissionsTestCaseForPricingModule" name="testCase13" time="40.285"/>
  <system-out/>
  <testcase classname="testcases.PermissionsTestCaseForPricingModule" name="testCase14" time="38.201"/>
  <system-out/>
</testsuite> <!-- testcases.PermissionsTestCaseForPricingModule -->
