<?xml version="1.0" encoding="UTF-8"?>
<!-- Generated by org.testng.reporters.JUnitReportReporter -->
<testsuite hostname="enterpi-H110M-H" failures="0" tests="1" name="testcases.RepairTestCases" time="119.725" errors="0" timestamp="2023-06-02T18:22:36 IST" skipped="0">
  <testcase classname="testcases.RepairTestCases" name="testCase15" time="119.725"/>
  <system-out/>
</testsuite> <!-- testcases.RepairTestCases -->
