<?xml version="1.0" encoding="UTF-8"?>
<!-- Generated by org.testng.reporters.JUnitReportReporter -->
<testsuite hostname="enterpi-H110M-H" failures="0" tests="1" name="testcases.PricingTestCases" time="49.534" errors="0" timestamp="2023-06-06T17:44:35 IST" skipped="0">
  <testcase classname="testcases.PricingTestCases" name="testCase7" time="49.534"/>
  <system-out/>
</testsuite> <!-- testcases.PricingTestCases -->
