<?xml version="1.0" encoding="UTF-8"?>
<!-- Generated by org.testng.reporters.JUnitReportReporter -->
<testsuite hostname="enterpi-H110M-H" failures="0" tests="2" name="testcases.PermissionsTestCasesForRepairModule" time="156.189" errors="0" timestamp="2023-06-16T16:17:49 IST" skipped="0">
  <testcase classname="testcases.PermissionsTestCasesForRepairModule" name="testCase3" time="66.642"/>
  <system-out/>
  <testcase classname="testcases.PermissionsTestCasesForRepairModule" name="testCase4" time="89.547"/>
  <system-out/>
</testsuite> <!-- testcases.PermissionsTestCasesForRepairModule -->
