<?xml version="1.0" encoding="UTF-8"?>
<!-- Generated by org.testng.reporters.JUnitReportReporter -->
<testsuite hostname="enterpi-H110M-H" failures="0" tests="1" name="testcases.URLRedirectsTestCase" time="94.243" errors="0" timestamp="2023-06-08T18:57:26 IST" skipped="0">
  <testcase classname="testcases.URLRedirectsTestCase" name="testCase3" time="94.243"/>
  <system-out/>
</testsuite> <!-- testcases.URLRedirectsTestCase -->
