<?xml version="1.0" encoding="UTF-8"?>
<!-- Generated by org.testng.reporters.JUnitReportReporter -->
<testsuite hostname="enterpi-H110M-H" failures="0" tests="14" name="testcases.RepairTestCases" time="881.838" errors="0" timestamp="2023-05-31T13:53:50 IST" skipped="0">
  <testcase classname="testcases.RepairTestCases" name="testCase1" time="31.435"/>
  <system-out/>
  <testcase classname="testcases.RepairTestCases" name="testCase2" time="51.695"/>
  <system-out/>
  <testcase classname="testcases.RepairTestCases" name="testCase3" time="42.183"/>
  <system-out/>
  <testcase classname="testcases.RepairTestCases" name="testCase4" time="52.396"/>
  <system-out/>
  <testcase classname="testcases.RepairTestCases" name="testCase5" time="60.123"/>
  <system-out/>
  <testcase classname="testcases.RepairTestCases" name="testCase6" time="63.741"/>
  <system-out/>
  <testcase classname="testcases.RepairTestCases" name="testCase7" time="65.487"/>
  <system-out/>
  <testcase classname="testcases.RepairTestCases" name="testCase8" time="69.628"/>
  <system-out/>
  <testcase classname="testcases.RepairTestCases" name="testCase9" time="113.682"/>
  <system-out/>
  <testcase classname="testcases.RepairTestCases" name="testCase10" time="121.061"/>
  <system-out/>
  <testcase classname="testcases.RepairTestCases" name="testCase11" time="117.981"/>
  <system-out/>
  <testcase classname="testcases.RepairTestCases" name="testCase12" time="39.163"/>
  <system-out/>
  <testcase classname="testcases.RepairTestCases" name="testCase13" time="25.454"/>
  <system-out/>
  <testcase classname="testcases.RepairTestCases" name="testCase14" time="27.809"/>
  <system-out/>
</testsuite> <!-- testcases.RepairTestCases -->
