<?xml version="1.0" encoding="UTF-8"?>
<!-- Generated by org.testng.reporters.JUnitReportReporter -->
<testsuite hostname="enterpi-H110M-H" failures="0" tests="4" name="testcases.PermissionsTestCasesForRepairModule" time="214.313" errors="0" timestamp="2023-05-29T09:20:16 IST" skipped="0">
  <testcase classname="testcases.PermissionsTestCasesForRepairModule" name="testCase1" time="28.645"/>
  <system-out/>
  <testcase classname="testcases.PermissionsTestCasesForRepairModule" name="testCase2" time="36.677"/>
  <system-out/>
  <testcase classname="testcases.PermissionsTestCasesForRepairModule" name="testCase3" time="77.133"/>
  <system-out/>
  <testcase classname="testcases.PermissionsTestCasesForRepairModule" name="testCase4" time="71.858"/>
  <system-out/>
</testsuite> <!-- testcases.PermissionsTestCasesForRepairModule -->
