<?xml version="1.0" encoding="UTF-8"?>
<!-- Generated by org.testng.reporters.JUnitReportReporter -->
<testsuite hostname="Siva" failures="0" tests="21" name="testcases.PricingTestCases" time="29.587" errors="1" timestamp="2023-08-04T17:03:06 IST" skipped="20">
  <testcase classname="testcases.PricingTestCases" name="testCase1" time="29.587">
    <error message="Access denied for user &#039;enterpi&#039;@&#039;localhost&#039; (using password: YES)" type="java.sql.SQLException">
      <![CDATA[java.sql.SQLException: Access denied for user 'enterpi'@'localhost' (using password: YES)
at com.mysql.cj.jdbc.exceptions.SQLError.createSQLException(SQLError.java:129)
at com.mysql.cj.jdbc.exceptions.SQLExceptionsMapping.translateException(SQLExceptionsMapping.java:122)
at com.mysql.cj.jdbc.ConnectionImpl.createNewIO(ConnectionImpl.java:829)
at com.mysql.cj.jdbc.ConnectionImpl.<init>(ConnectionImpl.java:449)
at com.mysql.cj.jdbc.ConnectionImpl.getInstance(ConnectionImpl.java:242)
at com.mysql.cj.jdbc.NonRegisteringDriver.connect(NonRegisteringDriver.java:198)
at java.sql/java.sql.DriverManager.getConnection(DriverManager.java:681)
at java.sql/java.sql.DriverManager.getConnection(DriverManager.java:229)
at libraries.QuotePages.values(QuotePages.java:1083)
at libraries.PricingPages.verifyAddProduct(PricingPages.java:92)
at testcases.PricingTestCases.testCase1(PricingTestCases.java:22)
at java.base/jdk.internal.reflect.NativeMethodAccessorImpl.invoke0(Native Method)
at java.base/jdk.internal.reflect.NativeMethodAccessorImpl.invoke(NativeMethodAccessorImpl.java:77)
at java.base/jdk.internal.reflect.DelegatingMethodAccessorImpl.invoke(DelegatingMethodAccessorImpl.java:43)
at java.base/java.lang.reflect.Method.invoke(Method.java:568)
at org.testng.internal.invokers.MethodInvocationHelper.invokeMethod(MethodInvocationHelper.java:139)
at org.testng.internal.invokers.TestInvoker.invokeMethod(TestInvoker.java:677)
at org.testng.internal.invokers.TestInvoker.invokeTestMethod(TestInvoker.java:221)
at org.testng.internal.invokers.MethodRunner.runInSequence(MethodRunner.java:50)
at org.testng.internal.invokers.TestInvoker$MethodInvocationAgent.invoke(TestInvoker.java:969)
at org.testng.internal.invokers.TestInvoker.invokeTestMethods(TestInvoker.java:194)
at org.testng.internal.invokers.TestMethodWorker.invokeTestMethods(TestMethodWorker.java:148)
at org.testng.internal.invokers.TestMethodWorker.run(TestMethodWorker.java:128)
at java.base/java.util.ArrayList.forEach(ArrayList.java:1511)
at org.testng.TestRunner.privateRun(TestRunner.java:829)
at org.testng.TestRunner.run(TestRunner.java:602)
at org.testng.SuiteRunner.runTest(SuiteRunner.java:437)
at org.testng.SuiteRunner.runSequentially(SuiteRunner.java:431)
at org.testng.SuiteRunner.privateRun(SuiteRunner.java:391)
at org.testng.SuiteRunner.run(SuiteRunner.java:330)
at org.testng.SuiteRunnerWorker.runSuite(SuiteRunnerWorker.java:52)
at org.testng.SuiteRunnerWorker.run(SuiteRunnerWorker.java:95)
at org.testng.TestNG.runSuitesSequentially(TestNG.java:1256)
at org.testng.TestNG.runSuitesLocally(TestNG.java:1176)
at org.testng.TestNG.runSuites(TestNG.java:1099)
at org.testng.TestNG.run(TestNG.java:1067)
at org.testng.remote.AbstractRemoteTestNG.run(AbstractRemoteTestNG.java:115)
at org.testng.remote.RemoteTestNG.initAndRun(RemoteTestNG.java:251)
at org.testng.remote.RemoteTestNG.main(RemoteTestNG.java:77)
]]>
    </error>
  </testcase> <!-- testCase1 -->
  <system-out/>
  <testcase classname="testcases.PricingTestCases" name="testCase15">
    <skipped/>
  </testcase> <!-- testCase15 -->
  <system-out/>
  <testcase classname="testcases.PricingTestCases" name="testCase16">
    <skipped/>
  </testcase> <!-- testCase16 -->
  <system-out/>
  <testcase classname="testcases.PricingTestCases" name="testCase13">
    <skipped/>
  </testcase> <!-- testCase13 -->
  <system-out/>
  <testcase classname="testcases.PricingTestCases" name="testCase14">
    <skipped/>
  </testcase> <!-- testCase14 -->
  <system-out/>
  <testcase classname="testcases.PricingTestCases" name="testCase11">
    <skipped/>
  </testcase> <!-- testCase11 -->
  <system-out/>
  <testcase classname="testcases.PricingTestCases" name="testCase12">
    <skipped/>
  </testcase> <!-- testCase12 -->
  <system-out/>
  <testcase classname="testcases.PricingTestCases" name="testCase20">
    <skipped/>
  </testcase> <!-- testCase20 -->
  <system-out/>
  <testcase classname="testcases.PricingTestCases" name="testCase21">
    <skipped/>
  </testcase> <!-- testCase21 -->
  <system-out/>
  <testcase classname="testcases.PricingTestCases" name="testCase10">
    <skipped/>
  </testcase> <!-- testCase10 -->
  <system-out/>
  <testcase classname="testcases.PricingTestCases" name="testCase19">
    <skipped/>
  </testcase> <!-- testCase19 -->
  <system-out/>
  <testcase classname="testcases.PricingTestCases" name="testCase17">
    <skipped/>
  </testcase> <!-- testCase17 -->
  <system-out/>
  <testcase classname="testcases.PricingTestCases" name="testCase18">
    <skipped/>
  </testcase> <!-- testCase18 -->
  <system-out/>
  <testcase classname="testcases.PricingTestCases" name="testCase8">
    <skipped/>
  </testcase> <!-- testCase8 -->
  <system-out/>
  <testcase classname="testcases.PricingTestCases" name="testCase9">
    <skipped/>
  </testcase> <!-- testCase9 -->
  <system-out/>
  <testcase classname="testcases.PricingTestCases" name="testCase6">
    <skipped/>
  </testcase> <!-- testCase6 -->
  <system-out/>
  <testcase classname="testcases.PricingTestCases" name="testCase7">
    <skipped/>
  </testcase> <!-- testCase7 -->
  <system-out/>
  <testcase classname="testcases.PricingTestCases" name="testCase4">
    <skipped/>
  </testcase> <!-- testCase4 -->
  <system-out/>
  <testcase classname="testcases.PricingTestCases" name="testCase5">
    <skipped/>
  </testcase> <!-- testCase5 -->
  <system-out/>
  <testcase classname="testcases.PricingTestCases" name="testCase2">
    <skipped/>
  </testcase> <!-- testCase2 -->
  <system-out/>
  <testcase classname="testcases.PricingTestCases" name="testCase3">
    <skipped/>
  </testcase> <!-- testCase3 -->
  <system-out/>
</testsuite> <!-- testcases.PricingTestCases -->
