<?xml version="1.0" encoding="UTF-8"?>
<!-- Generated by org.testng.reporters.JUnitReportReporter -->
<testsuite hostname="enterpi-H110M-H" failures="0" tests="4" name="testcases.PermissionsTestCasesForRepairModule" time="215.815" errors="0" timestamp="2023-06-06T10:13:36 IST" skipped="0">
  <testcase classname="testcases.PermissionsTestCasesForRepairModule" name="testCase1" time="31.087"/>
  <system-out/>
  <testcase classname="testcases.PermissionsTestCasesForRepairModule" name="testCase2" time="38.900"/>
  <system-out/>
  <testcase classname="testcases.PermissionsTestCasesForRepairModule" name="testCase3" time="72.965"/>
  <system-out/>
  <testcase classname="testcases.PermissionsTestCasesForRepairModule" name="testCase4" time="72.863"/>
  <system-out/>
</testsuite> <!-- testcases.PermissionsTestCasesForRepairModule -->
