<?xml version="1.0" encoding="UTF-8"?>
<!-- Generated by org.testng.reporters.JUnitReportReporter -->
<testsuite hostname="enterpi-H110M-H" failures="0" tests="4" name="testcases.PricingTestCases" time="207.334" errors="0" timestamp="2023-06-13T14:22:41 IST" skipped="0">
  <testcase classname="testcases.PricingTestCases" name="testCase11" time="121.048"/>
  <system-out/>
  <testcase classname="testcases.PricingTestCases" name="testCase12" time="31.118"/>
  <system-out/>
  <testcase classname="testcases.PricingTestCases" name="testCase17" time="30.146"/>
  <system-out/>
  <testcase classname="testcases.PricingTestCases" name="testCase21" time="25.022"/>
  <system-out/>
</testsuite> <!-- testcases.PricingTestCases -->
