<?xml version="1.0" encoding="UTF-8"?>
<!-- Generated by org.testng.reporters.JUnitReportReporter -->
<testsuite hostname="enterpi-H110M-H" failures="0" tests="1" name="testcases.PricingTestCases" time="14.137" errors="0" timestamp="2023-05-31T18:32:39 IST" skipped="0">
  <testcase classname="testcases.PricingTestCases" name="testCase21" time="14.137"/>
  <system-out/>
</testsuite> <!-- testcases.PricingTestCases -->
