<?xml version="1.0" encoding="UTF-8"?>
<!-- Generated by org.testng.reporters.JUnitReportReporter -->
<testsuite hostname="enterpi-H110M-H" failures="0" tests="1" name="testcases.Filters_TestCases" time="418.844" errors="0" timestamp="2023-08-03T17:40:35 IST" skipped="0">
  <testcase classname="testcases.Filters_TestCases" name="testCase1" time="418.844"/>
  <system-out/>
</testsuite> <!-- testcases.Filters_TestCases -->
