<?xml version="1.0" encoding="UTF-8"?>
<!-- Generated by org.testng.reporters.JUnitReportReporter -->
<testsuite hostname="enterpi-H110M-H" failures="0" tests="1" name="testcases.URLRedirectsTestCase" time="136.136" errors="0" timestamp="2023-06-07T18:40:27 IST" skipped="0">
  <testcase classname="testcases.URLRedirectsTestCase" name="testCase18" time="136.136"/>
  <system-out/>
</testsuite> <!-- testcases.URLRedirectsTestCase -->
