<?xml version="1.0" encoding="UTF-8"?>
<!-- Generated by org.testng.reporters.JUnitReportReporter -->
<testsuite hostname="enterpi-H110M-H" failures="0" tests="7" name="testcases.PermissionsTestCases_SysProModule" time="223.651" errors="0" timestamp="2023-07-11T15:31:31 IST" skipped="6">
  <testcase classname="testcases.PermissionsTestCases_SysProModule" name="testCase1" time="223.651"/>
  <system-out/>
  <testcase classname="testcases.PermissionsTestCases_SysProModule" name="testCase5">
    <skipped/>
  </testcase> <!-- testCase5 -->
  <system-out/>
  <testcase classname="testcases.PermissionsTestCases_SysProModule" name="testCase2">
    <skipped/>
  </testcase> <!-- testCase2 -->
  <system-out/>
  <testcase classname="testcases.PermissionsTestCases_SysProModule" name="testCase3">
    <skipped/>
  </testcase> <!-- testCase3 -->
  <system-out/>
  <testcase classname="testcases.PermissionsTestCases_SysProModule" name="testCase6">
    <skipped/>
  </testcase> <!-- testCase6 -->
  <system-out/>
  <testcase classname="testcases.PermissionsTestCases_SysProModule" name="testCase7">
    <skipped/>
  </testcase> <!-- testCase7 -->
  <system-out/>
  <testcase classname="testcases.PermissionsTestCases_SysProModule" name="testCase4">
    <skipped/>
  </testcase> <!-- testCase4 -->
  <system-out/>
</testsuite> <!-- testcases.PermissionsTestCases_SysProModule -->
