<?xml version="1.0" encoding="UTF-8"?>
<!-- Generated by org.testng.reporters.JUnitReportReporter -->
<testsuite hostname="enterpi-H110M-H" failures="0" tests="2" name="testcases.PermissionsTestCaseForPricingModule" time="33.326" errors="1" timestamp="2023-07-03T11:15:58 IST" skipped="0">
  <testcase classname="testcases.PermissionsTestCaseForPricingModule" name="logout" time="0.201">
    <error message="invalid session id
Build info: version: &#039;4.8.0&#039;, revision: &#039;267030adea&#039;
System info: os.name: &#039;Linux&#039;, os.arch: &#039;amd64&#039;, os.version: &#039;5.15.0-76-generic&#039;, java.version: &#039;17.0.5&#039;
Driver info: org.openqa.selenium.chrome.ChromeDriver
Command: [4c39a4ac7fe2a7e4954f6f17b9ea6ec5, findElement {using=xpath, value=//*[@class=&#039;down-arrow&#039;]}]
Capabilities {acceptInsecureCerts: false, browserName: chrome, browserVersion: 106.0.5249.119, chrome: {chromedriverVersion: 106.0.5249.61 (511755355844..., userDataDir: /tmp/.com.google.Chrome.GjEukk}, goog:chromeOptions: {debuggerAddress: localhost:44767}, networkConnectionEnabled: false, pageLoadStrategy: normal, platformName: LINUX, proxy: Proxy(), se:cdp: ws://localhost:44767/devtoo..., se:cdpVersion: 106.0.5249.119, setWindowRect: true, strictFileInteractability: false, timeouts: {implicit: 0, pageLoad: 300000, script: 30000}, unhandledPromptBehavior: dismiss and notify, webauthn:extension:credBlob: true, webauthn:extension:largeBlob: true, webauthn:virtualAuthenticators: true}
Session ID: 4c39a4ac7fe2a7e4954f6f17b9ea6ec5" type="org.openqa.selenium.NoSuchSessionException">
      <![CDATA[org.openqa.selenium.NoSuchSessionException: invalid session id
Build info: version: '4.8.0', revision: '267030adea'
System info: os.name: 'Linux', os.arch: 'amd64', os.version: '5.15.0-76-generic', java.version: '17.0.5'
Driver info: org.openqa.selenium.chrome.ChromeDriver
Command: [4c39a4ac7fe2a7e4954f6f17b9ea6ec5, findElement {using=xpath, value=//*[@class='down-arrow']}]
Capabilities {acceptInsecureCerts: false, browserName: chrome, browserVersion: 106.0.5249.119, chrome: {chromedriverVersion: 106.0.5249.61 (511755355844..., userDataDir: /tmp/.com.google.Chrome.GjEukk}, goog:chromeOptions: {debuggerAddress: localhost:44767}, networkConnectionEnabled: false, pageLoadStrategy: normal, platformName: LINUX, proxy: Proxy(), se:cdp: ws://localhost:44767/devtoo..., se:cdpVersion: 106.0.5249.119, setWindowRect: true, strictFileInteractability: false, timeouts: {implicit: 0, pageLoad: 300000, script: 30000}, unhandledPromptBehavior: dismiss and notify, webauthn:extension:credBlob: true, webauthn:extension:largeBlob: true, webauthn:virtualAuthenticators: true}
Session ID: 4c39a4ac7fe2a7e4954f6f17b9ea6ec5
at java.base/jdk.internal.reflect.NativeConstructorAccessorImpl.newInstance0(Native Method)
at java.base/jdk.internal.reflect.NativeConstructorAccessorImpl.newInstance(NativeConstructorAccessorImpl.java:77)
at java.base/jdk.internal.reflect.DelegatingConstructorAccessorImpl.newInstance(DelegatingConstructorAccessorImpl.java:45)
at java.base/java.lang.reflect.Constructor.newInstanceWithCaller(Constructor.java:499)
at java.base/java.lang.reflect.Constructor.newInstance(Constructor.java:480)
at org.openqa.selenium.remote.codec.w3c.W3CHttpResponseCodec.createException(W3CHttpResponseCodec.java:200)
at org.openqa.selenium.remote.codec.w3c.W3CHttpResponseCodec.decode(W3CHttpResponseCodec.java:133)
at org.openqa.selenium.remote.codec.w3c.W3CHttpResponseCodec.decode(W3CHttpResponseCodec.java:53)
at org.openqa.selenium.remote.HttpCommandExecutor.execute(HttpCommandExecutor.java:184)
at org.openqa.selenium.remote.service.DriverCommandExecutor.invokeExecute(DriverCommandExecutor.java:167)
at org.openqa.selenium.remote.service.DriverCommandExecutor.execute(DriverCommandExecutor.java:142)
at org.openqa.selenium.remote.RemoteWebDriver.execute(RemoteWebDriver.java:543)
at org.openqa.selenium.remote.ElementLocation$ElementFinder$2.findElement(ElementLocation.java:162)
at org.openqa.selenium.remote.ElementLocation.findElement(ElementLocation.java:60)
at org.openqa.selenium.remote.RemoteWebDriver.findElement(RemoteWebDriver.java:352)
at org.openqa.selenium.remote.RemoteWebDriver.findElement(RemoteWebDriver.java:344)
at commonUtils.App.logout(App.java:57)
at java.base/jdk.internal.reflect.NativeMethodAccessorImpl.invoke0(Native Method)
at java.base/jdk.internal.reflect.NativeMethodAccessorImpl.invoke(NativeMethodAccessorImpl.java:77)
at java.base/jdk.internal.reflect.DelegatingMethodAccessorImpl.invoke(DelegatingMethodAccessorImpl.java:43)
at java.base/java.lang.reflect.Method.invoke(Method.java:568)
at org.testng.internal.invokers.MethodInvocationHelper.invokeMethod(MethodInvocationHelper.java:139)
at org.testng.internal.invokers.MethodInvocationHelper.invokeMethodConsideringTimeout(MethodInvocationHelper.java:69)
at org.testng.internal.invokers.ConfigInvoker.invokeConfigurationMethod(ConfigInvoker.java:361)
at org.testng.internal.invokers.ConfigInvoker.invokeConfigurations(ConfigInvoker.java:296)
at org.testng.TestRunner.invokeTestConfigurations(TestRunner.java:644)
at org.testng.TestRunner.afterRun(TestRunner.java:914)
at org.testng.TestRunner.run(TestRunner.java:605)
at org.testng.SuiteRunner.runTest(SuiteRunner.java:437)
at org.testng.SuiteRunner.runSequentially(SuiteRunner.java:431)
at org.testng.SuiteRunner.privateRun(SuiteRunner.java:391)
at org.testng.SuiteRunner.run(SuiteRunner.java:330)
at org.testng.SuiteRunnerWorker.runSuite(SuiteRunnerWorker.java:52)
at org.testng.SuiteRunnerWorker.run(SuiteRunnerWorker.java:95)
at org.testng.TestNG.runSuitesSequentially(TestNG.java:1256)
at org.testng.TestNG.runSuitesLocally(TestNG.java:1176)
at org.testng.TestNG.runSuites(TestNG.java:1099)
at org.testng.TestNG.run(TestNG.java:1067)
at org.testng.remote.AbstractRemoteTestNG.run(AbstractRemoteTestNG.java:115)
at org.testng.remote.RemoteTestNG.initAndRun(RemoteTestNG.java:251)
at org.testng.remote.RemoteTestNG.main(RemoteTestNG.java:77)
]]>
    </error>
  </testcase> <!-- logout -->
  <system-out/>
  <testcase classname="testcases.PermissionsTestCaseForPricingModule" name="testCase1" time="33.125"/>
  <system-out/>
</testsuite> <!-- testcases.PermissionsTestCaseForPricingModule -->
