<?xml version="1.0" encoding="UTF-8"?>
<!-- Generated by org.testng.reporters.JUnitReportReporter -->
<testsuite hostname="enterpi-H110M-H" failures="0" tests="15" name="testcases.PermissionsTestCaseForPricingModule" time="254.562" errors="2" timestamp="2023-07-11T15:21:29 IST" skipped="13">
  <testcase classname="testcases.PermissionsTestCaseForPricingModule" name="logout" time="0.022">
    <error message="no such element: Unable to locate element: {&quot;method&quot;:&quot;xpath&quot;,&quot;selector&quot;:&quot;//*[@class=&#039;down-arrow&#039;]&quot;}
  (Session info: chrome=106.0.5249.119)
For documentation on this error, please visit: https://selenium.dev/exceptions/#no_such_element
Build info: version: &#039;4.8.0&#039;, revision: &#039;267030adea&#039;
System info: os.name: &#039;Linux&#039;, os.arch: &#039;amd64&#039;, os.version: &#039;5.15.0-76-generic&#039;, java.version: &#039;17.0.5&#039;
Driver info: org.openqa.selenium.chrome.ChromeDriver
Command: [7dad8462d572d2ce67b7e660f94b7497, findElement {using=xpath, value=//*[@class=&#039;down-arrow&#039;]}]
Capabilities {acceptInsecureCerts: false, browserName: chrome, browserVersion: 106.0.5249.119, chrome: {chromedriverVersion: 106.0.5249.61 (511755355844..., userDataDir: /tmp/.com.google.Chrome.QcSO3h}, goog:chromeOptions: {debuggerAddress: localhost:37503}, networkConnectionEnabled: false, pageLoadStrategy: normal, platformName: LINUX, proxy: Proxy(), se:cdp: ws://localhost:37503/devtoo..., se:cdpVersion: 106.0.5249.119, setWindowRect: true, strictFileInteractability: false, timeouts: {implicit: 0, pageLoad: 300000, script: 30000}, unhandledPromptBehavior: dismiss and notify, webauthn:extension:credBlob: true, webauthn:extension:largeBlob: true, webauthn:virtualAuthenticators: true}
Session ID: 7dad8462d572d2ce67b7e660f94b7497" type="org.openqa.selenium.NoSuchElementException">
      <![CDATA[org.openqa.selenium.NoSuchElementException: no such element: Unable to locate element: {"method":"xpath","selector":"//*[@class='down-arrow']"}
  (Session info: chrome=106.0.5249.119)
For documentation on this error, please visit: https://selenium.dev/exceptions/#no_such_element
Build info: version: '4.8.0', revision: '267030adea'
System info: os.name: 'Linux', os.arch: 'amd64', os.version: '5.15.0-76-generic', java.version: '17.0.5'
Driver info: org.openqa.selenium.chrome.ChromeDriver
Command: [7dad8462d572d2ce67b7e660f94b7497, findElement {using=xpath, value=//*[@class='down-arrow']}]
Capabilities {acceptInsecureCerts: false, browserName: chrome, browserVersion: 106.0.5249.119, chrome: {chromedriverVersion: 106.0.5249.61 (511755355844..., userDataDir: /tmp/.com.google.Chrome.QcSO3h}, goog:chromeOptions: {debuggerAddress: localhost:37503}, networkConnectionEnabled: false, pageLoadStrategy: normal, platformName: LINUX, proxy: Proxy(), se:cdp: ws://localhost:37503/devtoo..., se:cdpVersion: 106.0.5249.119, setWindowRect: true, strictFileInteractability: false, timeouts: {implicit: 0, pageLoad: 300000, script: 30000}, unhandledPromptBehavior: dismiss and notify, webauthn:extension:credBlob: true, webauthn:extension:largeBlob: true, webauthn:virtualAuthenticators: true}
Session ID: 7dad8462d572d2ce67b7e660f94b7497
at jdk.internal.reflect.GeneratedConstructorAccessor13.newInstance(Unknown Source)
at java.base/jdk.internal.reflect.DelegatingConstructorAccessorImpl.newInstance(DelegatingConstructorAccessorImpl.java:45)
at java.base/java.lang.reflect.Constructor.newInstanceWithCaller(Constructor.java:499)
at java.base/java.lang.reflect.Constructor.newInstance(Constructor.java:480)
at org.openqa.selenium.remote.codec.w3c.W3CHttpResponseCodec.createException(W3CHttpResponseCodec.java:200)
at org.openqa.selenium.remote.codec.w3c.W3CHttpResponseCodec.decode(W3CHttpResponseCodec.java:133)
at org.openqa.selenium.remote.codec.w3c.W3CHttpResponseCodec.decode(W3CHttpResponseCodec.java:53)
at org.openqa.selenium.remote.HttpCommandExecutor.execute(HttpCommandExecutor.java:184)
at org.openqa.selenium.remote.service.DriverCommandExecutor.invokeExecute(DriverCommandExecutor.java:167)
at org.openqa.selenium.remote.service.DriverCommandExecutor.execute(DriverCommandExecutor.java:142)
at org.openqa.selenium.remote.RemoteWebDriver.execute(RemoteWebDriver.java:543)
at org.openqa.selenium.remote.ElementLocation$ElementFinder$2.findElement(ElementLocation.java:162)
at org.openqa.selenium.remote.ElementLocation.findElement(ElementLocation.java:60)
at org.openqa.selenium.remote.RemoteWebDriver.findElement(RemoteWebDriver.java:352)
at org.openqa.selenium.remote.RemoteWebDriver.findElement(RemoteWebDriver.java:344)
at commonUtils.App.logout(App.java:57)
at java.base/jdk.internal.reflect.NativeMethodAccessorImpl.invoke0(Native Method)
at java.base/jdk.internal.reflect.NativeMethodAccessorImpl.invoke(NativeMethodAccessorImpl.java:77)
at java.base/jdk.internal.reflect.DelegatingMethodAccessorImpl.invoke(DelegatingMethodAccessorImpl.java:43)
at java.base/java.lang.reflect.Method.invoke(Method.java:568)
at org.testng.internal.invokers.MethodInvocationHelper.invokeMethod(MethodInvocationHelper.java:139)
at org.testng.internal.invokers.MethodInvocationHelper.invokeMethodConsideringTimeout(MethodInvocationHelper.java:69)
at org.testng.internal.invokers.ConfigInvoker.invokeConfigurationMethod(ConfigInvoker.java:361)
at org.testng.internal.invokers.ConfigInvoker.invokeConfigurations(ConfigInvoker.java:296)
at org.testng.TestRunner.invokeTestConfigurations(TestRunner.java:644)
at org.testng.TestRunner.afterRun(TestRunner.java:914)
at org.testng.TestRunner.run(TestRunner.java:605)
at org.testng.SuiteRunner.runTest(SuiteRunner.java:437)
at org.testng.SuiteRunner.runSequentially(SuiteRunner.java:431)
at org.testng.SuiteRunner.privateRun(SuiteRunner.java:391)
at org.testng.SuiteRunner.run(SuiteRunner.java:330)
at org.testng.SuiteRunnerWorker.runSuite(SuiteRunnerWorker.java:52)
at org.testng.SuiteRunnerWorker.run(SuiteRunnerWorker.java:95)
at org.testng.TestNG.runSuitesSequentially(TestNG.java:1256)
at org.testng.TestNG.runSuitesLocally(TestNG.java:1176)
at org.testng.TestNG.runSuites(TestNG.java:1099)
at org.testng.TestNG.run(TestNG.java:1067)
at org.testng.remote.AbstractRemoteTestNG.run(AbstractRemoteTestNG.java:115)
at org.testng.remote.RemoteTestNG.initAndRun(RemoteTestNG.java:251)
at org.testng.remote.RemoteTestNG.main(RemoteTestNG.java:77)
]]>
    </error>
  </testcase> <!-- logout -->
  <system-out/>
  <testcase classname="testcases.PermissionsTestCaseForPricingModule" name="testCase1" time="254.540">
    <error message="Expected condition failed: waiting for visibility of element located by By.xpath: //*[contains(text(), &#039;raghu&#039;)] (tried for 30 second(s) with 500 milliseconds interval)
Build info: version: &#039;4.8.0&#039;, revision: &#039;267030adea&#039;
System info: os.name: &#039;Linux&#039;, os.arch: &#039;amd64&#039;, os.version: &#039;5.15.0-76-generic&#039;, java.version: &#039;17.0.5&#039;
Driver info: org.openqa.selenium.chrome.ChromeDriver
Capabilities {acceptInsecureCerts: false, browserName: chrome, browserVersion: 106.0.5249.119, chrome: {chromedriverVersion: 106.0.5249.61 (511755355844..., userDataDir: /tmp/.com.google.Chrome.QcSO3h}, goog:chromeOptions: {debuggerAddress: localhost:37503}, networkConnectionEnabled: false, pageLoadStrategy: normal, platformName: LINUX, proxy: Proxy(), se:cdp: ws://localhost:37503/devtoo..., se:cdpVersion: 106.0.5249.119, setWindowRect: true, strictFileInteractability: false, timeouts: {implicit: 0, pageLoad: 300000, script: 30000}, unhandledPromptBehavior: dismiss and notify, webauthn:extension:credBlob: true, webauthn:extension:largeBlob: true, webauthn:virtualAuthenticators: true}
Session ID: 7dad8462d572d2ce67b7e660f94b7497" type="org.openqa.selenium.TimeoutException">
      <![CDATA[org.openqa.selenium.TimeoutException: Expected condition failed: waiting for visibility of element located by By.xpath: //*[contains(text(), 'raghu')] (tried for 30 second(s) with 500 milliseconds interval)
Build info: version: '4.8.0', revision: '267030adea'
System info: os.name: 'Linux', os.arch: 'amd64', os.version: '5.15.0-76-generic', java.version: '17.0.5'
Driver info: org.openqa.selenium.chrome.ChromeDriver
Capabilities {acceptInsecureCerts: false, browserName: chrome, browserVersion: 106.0.5249.119, chrome: {chromedriverVersion: 106.0.5249.61 (511755355844..., userDataDir: /tmp/.com.google.Chrome.QcSO3h}, goog:chromeOptions: {debuggerAddress: localhost:37503}, networkConnectionEnabled: false, pageLoadStrategy: normal, platformName: LINUX, proxy: Proxy(), se:cdp: ws://localhost:37503/devtoo..., se:cdpVersion: 106.0.5249.119, setWindowRect: true, strictFileInteractability: false, timeouts: {implicit: 0, pageLoad: 300000, script: 30000}, unhandledPromptBehavior: dismiss and notify, webauthn:extension:credBlob: true, webauthn:extension:largeBlob: true, webauthn:virtualAuthenticators: true}
Session ID: 7dad8462d572d2ce67b7e660f94b7497
at org.openqa.selenium.support.ui.WebDriverWait.timeoutException(WebDriverWait.java:87)
at org.openqa.selenium.support.ui.FluentWait.until(FluentWait.java:231)
at libraries.Permissions.userTab(Permissions.java:34)
at libraries.Permissions_PricingPages.clickYesButton(Permissions_PricingPages.java:169)
at libraries.Permissions_PricingPages.verifyPricingExportImportPermissions(Permissions_PricingPages.java:133)
at testcases.PermissionsTestCaseForPricingModule.testCase1(PermissionsTestCaseForPricingModule.java:29)
at java.base/jdk.internal.reflect.NativeMethodAccessorImpl.invoke0(Native Method)
at java.base/jdk.internal.reflect.NativeMethodAccessorImpl.invoke(NativeMethodAccessorImpl.java:77)
at java.base/jdk.internal.reflect.DelegatingMethodAccessorImpl.invoke(DelegatingMethodAccessorImpl.java:43)
at java.base/java.lang.reflect.Method.invoke(Method.java:568)
at org.testng.internal.invokers.MethodInvocationHelper.invokeMethod(MethodInvocationHelper.java:139)
at org.testng.internal.invokers.TestInvoker.invokeMethod(TestInvoker.java:677)
at org.testng.internal.invokers.TestInvoker.invokeTestMethod(TestInvoker.java:221)
at org.testng.internal.invokers.MethodRunner.runInSequence(MethodRunner.java:50)
at org.testng.internal.invokers.TestInvoker$MethodInvocationAgent.invoke(TestInvoker.java:969)
at org.testng.internal.invokers.TestInvoker.invokeTestMethods(TestInvoker.java:194)
at org.testng.internal.invokers.TestMethodWorker.invokeTestMethods(TestMethodWorker.java:148)
at org.testng.internal.invokers.TestMethodWorker.run(TestMethodWorker.java:128)
at java.base/java.util.ArrayList.forEach(ArrayList.java:1511)
at org.testng.TestRunner.privateRun(TestRunner.java:829)
at org.testng.TestRunner.run(TestRunner.java:602)
at org.testng.SuiteRunner.runTest(SuiteRunner.java:437)
at org.testng.SuiteRunner.runSequentially(SuiteRunner.java:431)
at org.testng.SuiteRunner.privateRun(SuiteRunner.java:391)
at org.testng.SuiteRunner.run(SuiteRunner.java:330)
at org.testng.SuiteRunnerWorker.runSuite(SuiteRunnerWorker.java:52)
at org.testng.SuiteRunnerWorker.run(SuiteRunnerWorker.java:95)
at org.testng.TestNG.runSuitesSequentially(TestNG.java:1256)
at org.testng.TestNG.runSuitesLocally(TestNG.java:1176)
at org.testng.TestNG.runSuites(TestNG.java:1099)
at org.testng.TestNG.run(TestNG.java:1067)
at org.testng.remote.AbstractRemoteTestNG.run(AbstractRemoteTestNG.java:115)
at org.testng.remote.RemoteTestNG.initAndRun(RemoteTestNG.java:251)
at org.testng.remote.RemoteTestNG.main(RemoteTestNG.java:77)
]]>
    </error>
  </testcase> <!-- testCase1 -->
  <system-out/>
  <testcase classname="testcases.PermissionsTestCaseForPricingModule" name="testCase12">
    <skipped/>
  </testcase> <!-- testCase12 -->
  <system-out/>
  <testcase classname="testcases.PermissionsTestCaseForPricingModule" name="testCase11">
    <skipped/>
  </testcase> <!-- testCase11 -->
  <system-out/>
  <testcase classname="testcases.PermissionsTestCaseForPricingModule" name="testCase14">
    <skipped/>
  </testcase> <!-- testCase14 -->
  <system-out/>
  <testcase classname="testcases.PermissionsTestCaseForPricingModule" name="testCase13">
    <skipped/>
  </testcase> <!-- testCase13 -->
  <system-out/>
  <testcase classname="testcases.PermissionsTestCaseForPricingModule" name="testCase10">
    <skipped/>
  </testcase> <!-- testCase10 -->
  <system-out/>
  <testcase classname="testcases.PermissionsTestCaseForPricingModule" name="testCase7">
    <skipped/>
  </testcase> <!-- testCase7 -->
  <system-out/>
  <testcase classname="testcases.PermissionsTestCaseForPricingModule" name="testCase8">
    <skipped/>
  </testcase> <!-- testCase8 -->
  <system-out/>
  <testcase classname="testcases.PermissionsTestCaseForPricingModule" name="testCase3">
    <skipped/>
  </testcase> <!-- testCase3 -->
  <system-out/>
  <testcase classname="testcases.PermissionsTestCaseForPricingModule" name="testCase6">
    <skipped/>
  </testcase> <!-- testCase6 -->
  <system-out/>
  <testcase classname="testcases.PermissionsTestCaseForPricingModule" name="testCase9">
    <skipped/>
  </testcase> <!-- testCase9 -->
  <system-out/>
  <testcase classname="testcases.PermissionsTestCaseForPricingModule" name="testCase4">
    <skipped/>
  </testcase> <!-- testCase4 -->
  <system-out/>
  <testcase classname="testcases.PermissionsTestCaseForPricingModule" name="testCase2">
    <skipped/>
  </testcase> <!-- testCase2 -->
  <system-out/>
  <testcase classname="testcases.PermissionsTestCaseForPricingModule" name="testCase5">
    <skipped/>
  </testcase> <!-- testCase5 -->
  <system-out/>
</testsuite> <!-- testcases.PermissionsTestCaseForPricingModule -->
