<?xml version="1.0" encoding="UTF-8"?>
<!-- Generated by org.testng.reporters.JUnitReportReporter -->
<testsuite hostname="enterpi-H110M-H" failures="0" tests="1" name="testcases.PermissionsTestCases_Organizations" time="22.119" errors="0" timestamp="2023-06-06T11:26:23 IST" skipped="0">
  <testcase classname="testcases.PermissionsTestCases_Organizations" name="testCase7" time="22.119"/>
  <system-out/>
</testsuite> <!-- testcases.PermissionsTestCases_Organizations -->
