<?xml version="1.0" encoding="UTF-8"?>
<!-- Generated by org.testng.reporters.JUnitReportReporter -->
<testsuite hostname="enterpi-H110M-H" failures="0" tests="1" name="testcases.RepairTestCases" time="107.719" errors="0" timestamp="2023-06-06T15:40:26 IST" skipped="0">
  <testcase classname="testcases.RepairTestCases" name="testCases" time="107.719"/>
  <system-out/>
</testsuite> <!-- testcases.RepairTestCases -->
