<?xml version="1.0" encoding="UTF-8"?>
<!-- Generated by org.testng.reporters.JUnitReportReporter -->
<testsuite hostname="enterpi-H110M-H" failures="0" tests="1" name="testcases.RepairTestCases" time="18.649" errors="0" timestamp="2023-05-15T14:43:55 IST" skipped="0">
  <testcase classname="testcases.RepairTestCases" name="testCase14" time="18.649"/>
  <system-out/>
</testsuite> <!-- testcases.RepairTestCases -->
