<?xml version="1.0" encoding="UTF-8"?>
<!-- Generated by org.testng.reporters.JUnitReportReporter -->
<testsuite hostname="enterpi-H110M-H" failures="0" tests="1" name="testcases.PermissionsTestCasesForRepairModule" time="36.363" errors="0" timestamp="2023-08-07T17:57:08 IST" skipped="0">
  <testcase classname="testcases.PermissionsTestCasesForRepairModule" name="testCase1" time="36.363"/>
  <system-out/>
</testsuite> <!-- testcases.PermissionsTestCasesForRepairModule -->
