<?xml version="1.0" encoding="UTF-8"?>
<!-- Generated by org.testng.reporters.JUnitReportReporter -->
<testsuite hostname="enterpi-H110M-H" failures="0" tests="21" name="testcases.PricingTestCases" time="547.073" errors="0" timestamp="2023-08-02T15:48:01 IST" skipped="20">
  <testcase classname="testcases.PricingTestCases" name="testCase1" time="547.073"/>
  <system-out/>
  <testcase classname="testcases.PricingTestCases" name="testCase21">
    <skipped/>
  </testcase> <!-- testCase21 -->
  <system-out/>
  <testcase classname="testcases.PricingTestCases" name="testCase10">
    <skipped/>
  </testcase> <!-- testCase10 -->
  <system-out/>
  <testcase classname="testcases.PricingTestCases" name="testCase20">
    <skipped/>
  </testcase> <!-- testCase20 -->
  <system-out/>
  <testcase classname="testcases.PricingTestCases" name="testCase12">
    <skipped/>
  </testcase> <!-- testCase12 -->
  <system-out/>
  <testcase classname="testcases.PricingTestCases" name="testCase11">
    <skipped/>
  </testcase> <!-- testCase11 -->
  <system-out/>
  <testcase classname="testcases.PricingTestCases" name="testCase14">
    <skipped/>
  </testcase> <!-- testCase14 -->
  <system-out/>
  <testcase classname="testcases.PricingTestCases" name="testCase13">
    <skipped/>
  </testcase> <!-- testCase13 -->
  <system-out/>
  <testcase classname="testcases.PricingTestCases" name="testCase16">
    <skipped/>
  </testcase> <!-- testCase16 -->
  <system-out/>
  <testcase classname="testcases.PricingTestCases" name="testCase15">
    <skipped/>
  </testcase> <!-- testCase15 -->
  <system-out/>
  <testcase classname="testcases.PricingTestCases" name="testCase3">
    <skipped/>
  </testcase> <!-- testCase3 -->
  <system-out/>
  <testcase classname="testcases.PricingTestCases" name="testCase2">
    <skipped/>
  </testcase> <!-- testCase2 -->
  <system-out/>
  <testcase classname="testcases.PricingTestCases" name="testCase5">
    <skipped/>
  </testcase> <!-- testCase5 -->
  <system-out/>
  <testcase classname="testcases.PricingTestCases" name="testCase4">
    <skipped/>
  </testcase> <!-- testCase4 -->
  <system-out/>
  <testcase classname="testcases.PricingTestCases" name="testCase7">
    <skipped/>
  </testcase> <!-- testCase7 -->
  <system-out/>
  <testcase classname="testcases.PricingTestCases" name="testCase6">
    <skipped/>
  </testcase> <!-- testCase6 -->
  <system-out/>
  <testcase classname="testcases.PricingTestCases" name="testCase9">
    <skipped/>
  </testcase> <!-- testCase9 -->
  <system-out/>
  <testcase classname="testcases.PricingTestCases" name="testCase8">
    <skipped/>
  </testcase> <!-- testCase8 -->
  <system-out/>
  <testcase classname="testcases.PricingTestCases" name="testCase18">
    <skipped/>
  </testcase> <!-- testCase18 -->
  <system-out/>
  <testcase classname="testcases.PricingTestCases" name="testCase17">
    <skipped/>
  </testcase> <!-- testCase17 -->
  <system-out/>
  <testcase classname="testcases.PricingTestCases" name="testCase19">
    <skipped/>
  </testcase> <!-- testCase19 -->
  <system-out/>
</testsuite> <!-- testcases.PricingTestCases -->
