<?xml version="1.0" encoding="UTF-8"?>
<!-- Generated by org.testng.reporters.JUnitReportReporter -->
<testsuite hostname="enterpi-H110M-H" failures="0" tests="1" name="testcases.QuoteTestCases" time="59.086" errors="0" timestamp="2023-05-29T12:13:10 IST" skipped="0">
  <testcase classname="testcases.QuoteTestCases" name="testCase24" time="59.086"/>
  <system-out/>
</testsuite> <!-- testcases.QuoteTestCases -->
