<?xml version="1.0" encoding="UTF-8"?>
<!-- Generated by org.testng.reporters.JUnitReportReporter -->
<testsuite hostname="enterpi-H110M-H" failures="0" tests="1" name="testcases.PricingTestCases" time="117.616" errors="0" timestamp="2023-06-12T16:12:37 IST" skipped="0">
  <testcase classname="testcases.PricingTestCases" name="testCase11" time="117.616"/>
  <system-out/>
</testsuite> <!-- testcases.PricingTestCases -->
