<?xml version="1.0" encoding="UTF-8"?>
<!-- Generated by org.testng.reporters.JUnitReportReporter -->
<testsuite hostname="enterpi-H110M-H" failures="0" tests="1" name="testcases.PricingTestCases" time="40.996" errors="0" timestamp="2023-06-16T13:03:39 IST" skipped="0">
  <testcase classname="testcases.PricingTestCases" name="testCase20" time="40.996"/>
  <system-out/>
</testsuite> <!-- testcases.PricingTestCases -->
