<?xml version="1.0" encoding="UTF-8"?>
<!-- Generated by org.testng.reporters.JUnitReportReporter -->
<testsuite hostname="enterpi-H110M-H" failures="0" tests="1" name="testcases.CreateJobs_PartsPurchases" time="34.580" errors="0" timestamp="2023-06-23T16:00:43 IST" skipped="0">
  <testcase classname="testcases.CreateJobs_PartsPurchases" name="testCase2" time="34.580"/>
  <system-out/>
</testsuite> <!-- testcases.CreateJobs_PartsPurchases -->
