<?xml version="1.0" encoding="UTF-8"?>
<!-- Generated by org.testng.reporters.JUnitReportReporter -->
<testsuite hostname="enterpi-H110M-H" failures="0" tests="1" name="testcases.URLRedirectsTestCase" time="134.449" errors="0" timestamp="2023-06-12T19:09:38 IST" skipped="0">
  <testcase classname="testcases.URLRedirectsTestCase" name="testCase2" time="134.449"/>
  <system-out/>
</testsuite> <!-- testcases.URLRedirectsTestCase -->
