<?xml version="1.0" encoding="UTF-8"?>
<!-- Generated by org.testng.reporters.JUnitReportReporter -->
<testsuite hostname="enterpi-H110M-H" failures="0" tests="14" name="testcases.PermissionsTestCaseForPricingModule" time="597.148" errors="0" timestamp="2023-06-12T16:23:55 IST" skipped="0">
  <testcase classname="testcases.PermissionsTestCaseForPricingModule" name="testCase1" time="33.220"/>
  <system-out/>
  <testcase classname="testcases.PermissionsTestCaseForPricingModule" name="testCase2" time="42.759"/>
  <system-out/>
  <testcase classname="testcases.PermissionsTestCaseForPricingModule" name="testCase3" time="41.190"/>
  <system-out/>
  <testcase classname="testcases.PermissionsTestCaseForPricingModule" name="testCase4" time="40.858"/>
  <system-out/>
  <testcase classname="testcases.PermissionsTestCaseForPricingModule" name="testCase5" time="45.430"/>
  <system-out/>
  <testcase classname="testcases.PermissionsTestCaseForPricingModule" name="testCase6" time="43.788"/>
  <system-out/>
  <testcase classname="testcases.PermissionsTestCaseForPricingModule" name="testCase7" time="45.570"/>
  <system-out/>
  <testcase classname="testcases.PermissionsTestCaseForPricingModule" name="testCase8" time="40.559"/>
  <system-out/>
  <testcase classname="testcases.PermissionsTestCaseForPricingModule" name="testCase9" time="45.066"/>
  <system-out/>
  <testcase classname="testcases.PermissionsTestCaseForPricingModule" name="testCase10" time="43.733"/>
  <system-out/>
  <testcase classname="testcases.PermissionsTestCaseForPricingModule" name="testCase11" time="48.010"/>
  <system-out/>
  <testcase classname="testcases.PermissionsTestCaseForPricingModule" name="testCase12" time="42.908"/>
  <system-out/>
  <testcase classname="testcases.PermissionsTestCaseForPricingModule" name="testCase13" time="43.344"/>
  <system-out/>
  <testcase classname="testcases.PermissionsTestCaseForPricingModule" name="testCase14" time="40.713"/>
  <system-out/>
</testsuite> <!-- testcases.PermissionsTestCaseForPricingModule -->
