<?xml version="1.0" encoding="UTF-8"?>
<!-- Generated by org.testng.reporters.JUnitReportReporter -->
<testsuite hostname="enterpi-H110M-H" failures="0" tests="1" name="testcases.PermissionsTestCases_SysProModule" time="35.663" errors="0" timestamp="2023-06-16T10:40:23 IST" skipped="0">
  <testcase classname="testcases.PermissionsTestCases_SysProModule" name="testCase1" time="35.663"/>
  <system-out/>
</testsuite> <!-- testcases.PermissionsTestCases_SysProModule -->
