<?xml version="1.0" encoding="UTF-8"?>
<!-- Generated by org.testng.reporters.JUnitReportReporter -->
<testsuite hostname="enterpi-H110M-H" failures="0" tests="1" name="testcases.PermissionsTestCases_AdminTabs" time="36.087" errors="0" timestamp="2023-06-12T17:54:04 IST" skipped="0">
  <testcase classname="testcases.PermissionsTestCases_AdminTabs" name="testCase32" time="36.087"/>
  <system-out/>
</testsuite> <!-- testcases.PermissionsTestCases_AdminTabs -->
