<?xml version="1.0" encoding="UTF-8"?>
<!-- Generated by org.testng.reporters.JUnitReportReporter -->
<testsuite hostname="enterpi-H110M-H" failures="0" tests="1" name="testcases.PermissionsTestCases_QuotesModule" time="94.745" errors="0" timestamp="2023-06-06T11:04:32 IST" skipped="0">
  <testcase classname="testcases.PermissionsTestCases_QuotesModule" name="testCase3" time="94.745"/>
  <system-out/>
</testsuite> <!-- testcases.PermissionsTestCases_QuotesModule -->
