<?xml version="1.0" encoding="UTF-8"?>
<!-- Generated by org.testng.reporters.JUnitReportReporter -->
<testsuite hostname="enterpi-H110M-H" failures="0" tests="1" name="testcases.PermissionsTestCases_Organizations" time="387.974" errors="0" timestamp="2023-08-08T18:37:22 IST" skipped="0">
  <testcase classname="testcases.PermissionsTestCases_Organizations" name="testCase1" time="387.974"/>
  <system-out/>
</testsuite> <!-- testcases.PermissionsTestCases_Organizations -->
